生成启动时间为 2017/3/16 17:59:52。
     1>项目“E:\VSProject\MyProjects\NOWCODER\NOWCODER\NOWCODER.vcxproj”在节点 2 上(build 个目标)。
     1>InitializeBuildStatus:
         正在对“Debug\NOWCODER.unsuccessfulbuild”执行 Touch 任务。
       ClCompile:
         E:\工作\vs2010安装\VC\bin\CL.exe /c /ZI /nologo /W3 /WX- /Od /Oy- /D _MBCS /Gm /EHsc /RTC1 /MDd /GS /fp:precise /Zc:wchar_t /Zc:forScope /Fo"Debug\\" /Fd"Debug\vc100.pdb" /Gd /TP /analyze- /errorReport:prompt Test.cpp
         Test.cpp
     1>e:\vsproject\myprojects\nowcoder\nowcoder\test.cpp(28): warning C4018: “<”: 有符号/无符号不匹配
     1>e:\vsproject\myprojects\nowcoder\nowcoder\test.cpp(44): warning C4996: 'scanf': This function or variable may be unsafe. Consider using scanf_s instead. To disable deprecation, use _CRT_SECURE_NO_WARNINGS. See online help for details.
                 e:\工作\vs2010安装\vc\include\stdio.h(304) : 参见“scanf”的声明
       Link:
         E:\工作\vs2010安装\VC\bin\link.exe /ERRORREPORT:PROMPT /OUT:"E:\VSProject\MyProjects\NOWCODER\Debug\NOWCODER.exe" /NOLOGO kernel32.lib user32.lib gdi32.lib winspool.lib comdlg32.lib advapi32.lib shell32.lib ole32.lib oleaut32.lib uuid.lib odbc32.lib odbccp32.lib /MANIFEST /ManifestFile:"Debug\NOWCODER.exe.intermediate.manifest" /MANIFESTUAC:"level='asInvoker' uiAccess='false'" /DEBUG /PDB:"E:\VSProject\MyProjects\NOWCODER\Debug\NOWCODER.pdb" /TLBID:1 /DYNAMICBASE /NXCOMPAT /IMPLIB:"E:\VSProject\MyProjects\NOWCODER\Debug\NOWCODER.lib" /MACHINE:X86 Debug\Test.obj
         NOWCODER.vcxproj -> E:\VSProject\MyProjects\NOWCODER\Debug\NOWCODER.exe
       Manifest:
         C:\Program Files (x86)\Microsoft SDKs\Windows\v7.0A\bin\mt.exe /nologo /verbose /outputresource:"E:\VSProject\MyProjects\NOWCODER\Debug\NOWCODER.exe;#1" /manifest Debug\NOWCODER.exe.intermediate.manifest
       FinalizeBuildStatus:
         正在删除文件“Debug\NOWCODER.unsuccessfulbuild”。
         正在对“Debug\NOWCODER.lastbuildstate”执行 Touch 任务。
     1>已完成生成项目“E:\VSProject\MyProjects\NOWCODER\NOWCODER\NOWCODER.vcxproj”(build 个目标)的操作。

生成成功。

已用时间 00:00:01.05
